<?xml version="1.0" encoding="UTF-8"?>
<!-- Generated by org.testng.reporters.JUnitReportReporter -->
<testsuite hostname="DESKTOP-5EVK54D" failures="0" tests="1" name="runner.LoginWithDataRunner" time="0.420" errors="0" timestamp="2023-10-04T21:12:06 IST" skipped="0">
  <testcase classname="runner.LoginWithDataRunner" name="runScenario" time="0.420"/>
  <system-out/>
</testsuite> <!-- runner.LoginWithDataRunner -->
