<?xml version="1.0" encoding="UTF-8"?>
<!-- Generated by org.testng.reporters.JUnitReportReporter -->
<testsuite hostname="DESKTOP-5EVK54D" failures="0" tests="5" name="runner.ScenarioOutlineRunner" time="0.595" errors="0" timestamp="2023-10-09T20:50:08 IST" skipped="0">
  <testcase classname="runner.ScenarioOutlineRunner" name="runScenario" time="0.054"/>
  <system-out/>
  <testcase classname="runner.ScenarioOutlineRunner" name="runScenario" time="0.058"/>
  <system-out/>
  <testcase classname="runner.ScenarioOutlineRunner" name="runScenario" time="0.349"/>
  <system-out/>
  <testcase classname="runner.ScenarioOutlineRunner" name="runScenario" time="0.083"/>
  <system-out/>
  <testcase classname="runner.ScenarioOutlineRunner" name="runScenario" time="0.051"/>
  <system-out/>
</testsuite> <!-- runner.ScenarioOutlineRunner -->
