<?xml version="1.0" encoding="UTF-8"?>
<!-- Generated by org.testng.reporters.JUnitReportReporter -->
<testsuite hostname="DESKTOP-5EVK54D" failures="0" tests="5" name="runner.ScenarioOutlineRunner" time="0.786" errors="0" timestamp="2023-10-10T20:01:32 IST" skipped="0">
  <testcase classname="runner.ScenarioOutlineRunner" name="runScenario" time="0.098"/>
  <system-out/>
  <testcase classname="runner.ScenarioOutlineRunner" name="runScenario" time="0.098"/>
  <system-out/>
  <testcase classname="runner.ScenarioOutlineRunner" name="runScenario" time="0.067"/>
  <system-out/>
  <testcase classname="runner.ScenarioOutlineRunner" name="runScenario" time="0.067"/>
  <system-out/>
  <testcase classname="runner.ScenarioOutlineRunner" name="runScenario" time="0.456"/>
  <system-out/>
</testsuite> <!-- runner.ScenarioOutlineRunner -->
