<?xml version="1.0" encoding="UTF-8"?>
<!-- Generated by org.testng.reporters.JUnitReportReporter -->
<testsuite hostname="DESKTOP-5EVK54D" failures="0" tests="3" name="appfeatures.MagnetoRunnerTest" time="33.283" errors="0" timestamp="2023-10-17T20:34:38 IST" skipped="0">
  <testcase classname="appfeatures.MagnetoRunnerTest" name="runScenario" time="10.630"/>
  <system-out/>
  <testcase classname="appfeatures.MagnetoRunnerTest" name="runScenario" time="12.267"/>
  <system-out/>
  <testcase classname="appfeatures.MagnetoRunnerTest" name="runScenario" time="10.386"/>
  <system-out/>
</testsuite> <!-- appfeatures.MagnetoRunnerTest -->
