<?xml version="1.0" encoding="UTF-8"?>
<!-- Generated by org.testng.reporters.JUnitReportReporter -->
<testsuite hostname="DESKTOP-5EVK54D" failures="0" tests="1" name="runner.AccountDetailsRunner" time="0.330" errors="0" timestamp="2023-10-10T21:01:57 IST" skipped="0">
  <testcase classname="runner.AccountDetailsRunner" name="runScenario" time="0.330"/>
  <system-out/>
</testsuite> <!-- runner.AccountDetailsRunner -->
