<?xml version="1.0" encoding="UTF-8"?>
<!-- Generated by org.testng.reporters.JUnitReportReporter -->
<testsuite hostname="DESKTOP-5EVK54D" failures="0" tests="3" name="runner.OrderRunner" time="0.782" errors="0" timestamp="2023-10-11T20:59:49 IST" skipped="0">
  <testcase classname="runner.OrderRunner" name="runScenario" time="0.099"/>
  <system-out/>
  <testcase classname="runner.OrderRunner" name="runScenario" time="0.561"/>
  <system-out/>
  <testcase classname="runner.OrderRunner" name="runScenario" time="0.122"/>
  <system-out/>
</testsuite> <!-- runner.OrderRunner -->
