<?xml version="1.0" encoding="UTF-8"?>
<!-- Generated by org.testng.reporters.JUnitReportReporter -->
<testsuite hostname="DESKTOP-5EVK54D" failures="0" tests="2" name="runner.CampaignsRunner" time="0.551" errors="0" timestamp="2023-10-12T20:59:58 IST" skipped="0">
  <testcase classname="runner.CampaignsRunner" name="runScenario" time="0.459"/>
  <system-out/>
  <testcase classname="runner.CampaignsRunner" name="runScenario" time="0.092"/>
  <system-out/>
</testsuite> <!-- runner.CampaignsRunner -->
