<?xml version="1.0" encoding="UTF-8"?>
<!-- Generated by org.testng.reporters.JUnitReportReporter -->
<testsuite hostname="DESKTOP-5EVK54D" failures="0" tests="1" name="hooks.Basic" time="44.066" errors="0" timestamp="2023-12-01T06:33:23 IST" skipped="0">
  <testcase classname="hooks.Basic" name="testCase" time="44.066"/>
  <system-out/>
</testsuite> <!-- hooks.Basic -->
